<?xml version="1.0" encoding="UTF-8"?>
<!-- Generated by org.testng.reporters.JUnitReportReporter -->
<testsuite hostname="DESKTOP-CNO5FV5" failures="0" tests="1" name="com.demoguru99.tests.ChooseFileTest" time="41.674" errors="0" timestamp="2024-12-06T10:18:00 IST" skipped="0">
  <testcase classname="com.demoguru99.tests.ChooseFileTest" name="verifyChooseFile" time="41.674"/>
</testsuite> <!-- com.demoguru99.tests.ChooseFileTest -->
