<?xml version="1.0" encoding="UTF-8"?>
<!-- Generated by org.testng.reporters.JUnitReportReporter -->
<testsuite hostname="DESKTOP-CNO5FV5" failures="0" tests="1" name="com.demoguru99.tests.MovieDemoTest" time="0.957" errors="0" timestamp="2024-12-06T10:18:00 IST" skipped="0">
  <testcase classname="com.demoguru99.tests.MovieDemoTest" name="verifyDemoMovie" time="0.957"/>
</testsuite> <!-- com.demoguru99.tests.MovieDemoTest -->
